июл. 05, 2023 2:24:17 PM org.apache.coyote.AbstractProtocol init
INFO: Initializing ProtocolHandler ["http-nio-auto-1"]
июл. 05, 2023 2:24:17 PM org.apache.tomcat.util.net.NioSelectorPool getSharedSelector
INFO: Using a shared selector for servlet write/read
июл. 05, 2023 2:24:17 PM org.apache.catalina.core.StandardService startInternal
INFO: Starting service [Tomcat]
июл. 05, 2023 2:24:17 PM org.apache.catalina.core.StandardEngine startInternal
INFO: Starting Servlet engine: [Apache Tomcat/8.5.69]
июл. 05, 2023 2:24:17 PM org.apache.coyote.AbstractProtocol start
INFO: Starting ProtocolHandler ["http-nio-auto-1-60268"]
июл. 05, 2023 2:24:18 PM exercise.servlet.SessionServlet login
INFO: Пользователь lavern.keeling@gmail.comудачно залогинился
июл. 05, 2023 2:24:18 PM exercise.servlet.SessionServlet login
INFO: Пользователь shoshana.haley@hotmail.comудачно залогинился
июл. 05, 2023 2:24:18 PM exercise.servlet.SessionServlet login
INFO: Пользователь suzann.barrows@hotmail.comудачно залогинился
июл. 05, 2023 2:24:18 PM exercise.servlet.SessionServlet login
INFO: Пользователь suzann.barrows@hotmail.comне залогинился
июл. 05, 2023 2:24:18 PM exercise.servlet.SessionServlet login
INFO: Пользователь lavern.keeling@gmail.comудачно залогинился
июл. 05, 2023 2:24:18 PM exercise.servlet.SessionServlet login
INFO: Пользователь lavern.keeling@gmail.comне залогинился
июл. 05, 2023 2:24:18 PM exercise.servlet.SessionServlet login
INFO: Пользователь lavern.keeling@gmail.comудачно залогинился
июл. 05, 2023 2:24:18 PM exercise.servlet.SessionServlet login
INFO: Пользователь lavern.keeling@gmail.comудачно залогинился
июл. 05, 2023 2:24:18 PM org.apache.coyote.AbstractProtocol pause
INFO: Pausing ProtocolHandler ["http-nio-auto-1-60268"]
июл. 05, 2023 2:24:18 PM org.apache.catalina.core.StandardService stopInternal
INFO: Stopping service [Tomcat]
июл. 05, 2023 2:24:18 PM org.apache.catalina.loader.WebappClassLoaderBase clearReferencesObjectStreamClassCaches
WARNING: When running on Java 9 or later you need to add "--add-opens=java.base/java.io=null" to the JVM command line arguments to enable ObjectStream cache memory leak protection. Alternatively, you can suppress this warning by disabling ObjectStream class cache memory leak protection.
июл. 05, 2023 2:24:18 PM org.apache.catalina.loader.WebappClassLoaderBase checkThreadLocalsForLeaks
WARNING: When running on Java 9 or later you need to add "--add-opens=java.base/java.lang=null" to the JVM command line arguments to enable ThreadLocal memory leak detection. Alternatively, you can suppress this warning by disabling ThreadLocal memory leak detection.
июл. 05, 2023 2:24:18 PM org.apache.catalina.loader.WebappClassLoaderBase clearReferencesRmiTargets
WARNING: When running on Java 9 or later you need to add "--add-opens=java.rmi/sun.rmi.transport=null" to the JVM command line arguments to enable RMI Target memory leak detection. Alternatively, you can suppress this warning by disabling RMI Target memory leak detection.
июл. 05, 2023 2:24:18 PM org.apache.coyote.AbstractProtocol stop
INFO: Stopping ProtocolHandler ["http-nio-auto-1-60268"]
июл. 05, 2023 2:32:26 PM org.apache.coyote.AbstractProtocol init
INFO: Initializing ProtocolHandler ["http-nio-8000"]
июл. 05, 2023 2:32:26 PM org.apache.catalina.core.StandardService initInternal
SEVERE: Failed to initialize connector [Connector[HTTP/1.1-8000]]
org.apache.catalina.LifecycleException: Protocol handler initialization failed
	at org.apache.catalina.connector.Connector.initInternal(Connector.java:1077)
	at org.apache.catalina.util.LifecycleBase.init(LifecycleBase.java:136)
	at org.apache.catalina.core.StandardService.initInternal(StandardService.java:557)
	at org.apache.catalina.util.LifecycleBase.init(LifecycleBase.java:136)
	at org.apache.catalina.core.StandardServer.initInternal(StandardServer.java:850)
	at org.apache.catalina.util.LifecycleBase.init(LifecycleBase.java:136)
	at org.apache.catalina.util.LifecycleBase.start(LifecycleBase.java:173)
	at org.apache.catalina.startup.Tomcat.start(Tomcat.java:440)
	at exercise.App.main(App.java:78)
Caused by: java.net.BindException: Address already in use
	at java.base/sun.nio.ch.Net.bind0(Native Method)
	at java.base/sun.nio.ch.Net.bind(Net.java:555)
	at java.base/sun.nio.ch.ServerSocketChannelImpl.netBind(ServerSocketChannelImpl.java:337)
	at java.base/sun.nio.ch.ServerSocketChannelImpl.bind(ServerSocketChannelImpl.java:294)
	at java.base/sun.nio.ch.ServerSocketAdaptor.bind(ServerSocketAdaptor.java:89)
	at org.apache.tomcat.util.net.NioEndpoint.bind(NioEndpoint.java:222)
	at org.apache.tomcat.util.net.AbstractEndpoint.init(AbstractEndpoint.java:1147)
	at org.apache.tomcat.util.net.AbstractJsseEndpoint.init(AbstractJsseEndpoint.java:222)
	at org.apache.coyote.AbstractProtocol.init(AbstractProtocol.java:599)
	at org.apache.coyote.http11.AbstractHttp11Protocol.init(AbstractHttp11Protocol.java:80)
	at org.apache.catalina.connector.Connector.initInternal(Connector.java:1074)
	... 8 more

июл. 05, 2023 2:32:26 PM org.apache.catalina.core.StandardService startInternal
INFO: Starting service [Tomcat]
июл. 05, 2023 2:32:26 PM org.apache.catalina.core.StandardEngine startInternal
INFO: Starting Servlet engine: [Apache Tomcat/8.5.69]
июл. 05, 2023 2:32:49 PM org.apache.coyote.AbstractProtocol init
INFO: Initializing ProtocolHandler ["http-nio-8000"]
июл. 05, 2023 2:32:49 PM org.apache.catalina.core.StandardService initInternal
SEVERE: Failed to initialize connector [Connector[HTTP/1.1-8000]]
org.apache.catalina.LifecycleException: Protocol handler initialization failed
	at org.apache.catalina.connector.Connector.initInternal(Connector.java:1077)
	at org.apache.catalina.util.LifecycleBase.init(LifecycleBase.java:136)
	at org.apache.catalina.core.StandardService.initInternal(StandardService.java:557)
	at org.apache.catalina.util.LifecycleBase.init(LifecycleBase.java:136)
	at org.apache.catalina.core.StandardServer.initInternal(StandardServer.java:850)
	at org.apache.catalina.util.LifecycleBase.init(LifecycleBase.java:136)
	at org.apache.catalina.util.LifecycleBase.start(LifecycleBase.java:173)
	at org.apache.catalina.startup.Tomcat.start(Tomcat.java:440)
	at exercise.App.main(App.java:78)
Caused by: java.net.BindException: Address already in use
	at java.base/sun.nio.ch.Net.bind0(Native Method)
	at java.base/sun.nio.ch.Net.bind(Net.java:555)
	at java.base/sun.nio.ch.ServerSocketChannelImpl.netBind(ServerSocketChannelImpl.java:337)
	at java.base/sun.nio.ch.ServerSocketChannelImpl.bind(ServerSocketChannelImpl.java:294)
	at java.base/sun.nio.ch.ServerSocketAdaptor.bind(ServerSocketAdaptor.java:89)
	at org.apache.tomcat.util.net.NioEndpoint.bind(NioEndpoint.java:222)
	at org.apache.tomcat.util.net.AbstractEndpoint.init(AbstractEndpoint.java:1147)
	at org.apache.tomcat.util.net.AbstractJsseEndpoint.init(AbstractJsseEndpoint.java:222)
	at org.apache.coyote.AbstractProtocol.init(AbstractProtocol.java:599)
	at org.apache.coyote.http11.AbstractHttp11Protocol.init(AbstractHttp11Protocol.java:80)
	at org.apache.catalina.connector.Connector.initInternal(Connector.java:1074)
	... 8 more

июл. 05, 2023 2:32:49 PM org.apache.catalina.core.StandardService startInternal
INFO: Starting service [Tomcat]
июл. 05, 2023 2:32:49 PM org.apache.catalina.core.StandardEngine startInternal
INFO: Starting Servlet engine: [Apache Tomcat/8.5.69]
июл. 05, 2023 2:33:02 PM org.apache.coyote.AbstractProtocol init
INFO: Initializing ProtocolHandler ["http-nio-8001"]
июл. 05, 2023 2:33:02 PM org.apache.tomcat.util.net.NioSelectorPool getSharedSelector
INFO: Using a shared selector for servlet write/read
июл. 05, 2023 2:33:02 PM org.apache.catalina.core.StandardService startInternal
INFO: Starting service [Tomcat]
июл. 05, 2023 2:33:02 PM org.apache.catalina.core.StandardEngine startInternal
INFO: Starting Servlet engine: [Apache Tomcat/8.5.69]
июл. 05, 2023 2:33:02 PM org.apache.coyote.AbstractProtocol start
INFO: Starting ProtocolHandler ["http-nio-8001"]
июл. 05, 2023 2:34:16 PM org.apache.coyote.AbstractProtocol init
INFO: Initializing ProtocolHandler ["http-nio-8001"]
июл. 05, 2023 2:34:16 PM org.apache.tomcat.util.net.NioSelectorPool getSharedSelector
INFO: Using a shared selector for servlet write/read
июл. 05, 2023 2:34:16 PM org.apache.catalina.core.StandardService startInternal
INFO: Starting service [Tomcat]
июл. 05, 2023 2:34:16 PM org.apache.catalina.core.StandardEngine startInternal
INFO: Starting Servlet engine: [Apache Tomcat/8.5.69]
июл. 05, 2023 2:34:16 PM org.apache.coyote.AbstractProtocol start
INFO: Starting ProtocolHandler ["http-nio-8001"]
июл. 05, 2023 2:35:50 PM org.apache.coyote.AbstractProtocol init
INFO: Initializing ProtocolHandler ["http-nio-8001"]
июл. 05, 2023 2:35:50 PM org.apache.tomcat.util.net.NioSelectorPool getSharedSelector
INFO: Using a shared selector for servlet write/read
июл. 05, 2023 2:35:50 PM org.apache.catalina.core.StandardService startInternal
INFO: Starting service [Tomcat]
июл. 05, 2023 2:35:50 PM org.apache.catalina.core.StandardEngine startInternal
INFO: Starting Servlet engine: [Apache Tomcat/8.5.69]
июл. 05, 2023 2:35:50 PM org.apache.coyote.AbstractProtocol start
INFO: Starting ProtocolHandler ["http-nio-8001"]
июл. 05, 2023 2:40:39 PM org.apache.coyote.AbstractProtocol init
INFO: Initializing ProtocolHandler ["http-nio-8001"]
июл. 05, 2023 2:40:39 PM org.apache.tomcat.util.net.NioSelectorPool getSharedSelector
INFO: Using a shared selector for servlet write/read
июл. 05, 2023 2:40:39 PM org.apache.catalina.core.StandardService startInternal
INFO: Starting service [Tomcat]
июл. 05, 2023 2:40:39 PM org.apache.catalina.core.StandardEngine startInternal
INFO: Starting Servlet engine: [Apache Tomcat/8.5.69]
июл. 05, 2023 2:40:39 PM org.apache.coyote.AbstractProtocol start
INFO: Starting ProtocolHandler ["http-nio-8001"]
июл. 05, 2023 2:41:56 PM org.apache.coyote.AbstractProtocol init
INFO: Initializing ProtocolHandler ["http-nio-8001"]
июл. 05, 2023 2:41:56 PM org.apache.tomcat.util.net.NioSelectorPool getSharedSelector
INFO: Using a shared selector for servlet write/read
июл. 05, 2023 2:41:56 PM org.apache.catalina.core.StandardService startInternal
INFO: Starting service [Tomcat]
июл. 05, 2023 2:41:56 PM org.apache.catalina.core.StandardEngine startInternal
INFO: Starting Servlet engine: [Apache Tomcat/8.5.69]
июл. 05, 2023 2:41:56 PM org.apache.coyote.AbstractProtocol start
INFO: Starting ProtocolHandler ["http-nio-8001"]
июл. 05, 2023 2:42:54 PM org.apache.coyote.AbstractProtocol init
INFO: Initializing ProtocolHandler ["http-nio-8001"]
июл. 05, 2023 2:42:54 PM org.apache.tomcat.util.net.NioSelectorPool getSharedSelector
INFO: Using a shared selector for servlet write/read
июл. 05, 2023 2:42:54 PM org.apache.catalina.core.StandardService startInternal
INFO: Starting service [Tomcat]
июл. 05, 2023 2:42:54 PM org.apache.catalina.core.StandardEngine startInternal
INFO: Starting Servlet engine: [Apache Tomcat/8.5.69]
июл. 05, 2023 2:42:54 PM org.apache.coyote.AbstractProtocol start
INFO: Starting ProtocolHandler ["http-nio-8001"]
